1737024871 25.98
1737024871 23.49
1737024872 25.57
1737024873 27.8
1737024874 23.06
1737024875 21.67
1737024876 23.64
1737024877 25.66
1737024878 20.4
1737024879 20.62
1737024880 22.97
1737024881 21.67
1737024882 23.05
1737024883 27.95
1737024884 26.63
1737024885 24.67
1737024886 26.27
1737024887 29.03
1737024888 29.08
1737024889 29.36
1737024890 25.09
1737024891 24.08
1737024892 24.91
1737024893 22.98
1737024894 29.84
1737024895 23.86
1737024896 24.13
1737024897 24.78
1737024898 27.54
1737024899 21.6
1737024900 22.4
1737024901 27.99
1737024902 22.01
1737024903 27.53
1737024904 28.81
1737024905 29.73
1737024906 21.42
1737024907 20.26
1737024908 27.72
1737024909 20.23
1737024910 21.45
1737024911 21.8
1737024912 27.11
1737024913 23.27
1737024914 26.14
1737024915 23.8
1737024916 20.97
1737024917 20.02
1737024918 25.66
1737024919 21.68
1737024920 28.96
1737024921 20.02
1737024922 27.5
1737024923 25.4
1737024924 29.75
1737024925 21.56
1737024926 29.8
1737024927 24.55
1737024928 25.61
1737024929 21.85
1737024930 21.1
1737024931 26.55
1737024932 20.28
1737024933 21.48
1737024934 23.64
1737024935 20.15
1737024936 20.6
1737024937 29.34
1737024938 20.77
1737024939 27.83
1737024940 22.37
1737024941 27.29
1737024942 21.25
1737024943 23.63
1737024944 26.65
1737024945 27.08
1737024946 29.7
1737024947 22.98
1737024948 22.75
1737024949 26.99
1737024950 23.58
1737024951 22.53
1737024952 27.42
1737024953 20.54
1737024954 21.66
1737024955 26.24
1737024956 22.59
1737024957 22.97
1737024958 23.26
1737024959 29.08
1737024960 23.96
1737024961 28.4
1737024962 25.84
1737024963 29.11
1737024964 28.47
1737024965 24.73
1737024966 28.95
1737024967 20.98
1737024968 28.09
1737024969 21.19
1737024970 23.11
1737024971 21.89
1737024972 22.57
1737024973 27.39
1737024974 22.07
1737024975 24.78
1737024976 26.36
1737024977 24.03
1737024978 28.36
1737024979 29.79
1737024980 28.73
1737024981 26.69
1737024982 29.05
1737024983 27.71
1737024984 20.66
1737024985 24.62
1737024986 20.89
1737024987 24.13
1737024988 27.45
1737024989 26.03
1737024990 26.98
1737024991 26.87
1737024992 24.6
1737024993 28.26
1737024994 25.45
1737024995 20.22
1737024996 25.42
1737024997 24.82
1737024998 25.01
1737024999 21.82
1737025000 26.05
1737025001 22.25
1737025002 23.08
1737025003 23.86
1737025004 25.65
1737025005 23.12
1737025006 29.89
1737025007 28.94
1737025008 27.82
1737025009 29.55
1737025010 26.29
1737025011 25.6
1737025012 21.14
1737025013 29.88
1737025014 24.33
1737025015 28.56
1737025016 20.58
1737025017 23.94
1737025018 25.26
1737025019 25.37
1737025020 27.17
1737025021 29.42
1737025022 24.86
1737025023 22.53
1737025024 22.95
1737025025 26.47
1737025026 22.49
1737025027 27.32
1737025028 29.95
1737025029 22.69
1737025030 29.97
1737025031 27.89
1737025032 20.32
1737025033 21.97
1737025034 27.53
1737025035 23.54
1737025036 24.48
1737025037 28.49
1737025038 20.19
1737025039 22.4
1737025040 28.18
1737025041 27.33
1737025042 25.8
1737025043 27.12
1737025044 29.7
1737025045 20.41
1737025046 20.42
1737025047 29.23
1737025048 21.49
1737025049 20.02
1737025050 20.3
1737025051 26.93
1737025052 21.42
1737025053 20.85
1737025054 21.79
1737025055 24.92
1737025056 29.45
1737025057 25.87
1737025058 25.54
1737025059 25.79
1737025060 29.79
1737025061 22.68
1737025062 24.13
1737025063 25.96
1737025064 21.87
1737025065 21.13
1737025066 28.35
1737025067 20.52
1737025068 29.3
1737025069 21.95
1737025070 20.28
1737025071 27.54
1737025072 24.37
1737025073 22.87
1737025074 20.26
1737025075 21.03
1737025076 24.82
1737025077 20.87
1737025078 23.98
1737025079 21.55
1737025080 23.37
1737025081 20.33
1737025082 20.51
1737025083 26.03
1737025084 22.65
1737025085 25.05
1737025086 28.71
1737025087 23.28
1737025088 27.54
1737025089 22.75
1737025090 22.35
1737025091 26.35
1737025092 21.6
1737025093 26.5
1737025094 27.82
1737025095 27.94
1737025096 24.62
1737025097 24.75
1737025098 25.76
1737025099 22.72
1737025100 26.37
1737025101 22.58
1737025102 21.76
1737025103 29.64
1737025104 20.56
1737025105 23.75
1737025106 22.16
1737025107 27.67
1737025108 20.43
1737025109 24.56
1737025110 24.55
1737025111 23.31
1737025112 28
1737025113 25.27
1737025114 21.7
1737025115 24.42
1737025116 21.02
1737025117 21.71
1737025118 28.69
1737025119 27.22
1737025120 25.9
1737025121 27.59
1737025122 22.71
1737025124 25.19
1737025125 25.3
1737025126 24.21
1737025127 21.07
1737025128 24.53
1737025129 27.04
1737025130 20.59
1737025131 20.46
1737025132 25.43
1737025133 28.17
1737025134 27.21
1737025135 22.33
1737025136 20.51
1737025137 27.75
1737025138 28.06
1737025139 22.04
1737025140 22.95
1737025141 20.42
1737025142 27.83
1737025143 20.07
1737025144 22.44
1737025145 22.81
1737025146 21.13
1737025147 29.35
1737025148 26.15
1737025149 29
1737025150 23.17
1737025151 23.15
1737025152 23.87
1737025153 22.86
1737025154 29.17
1737025155 23.34
1737025156 21.51
1737025157 20.15
1737025158 26.32
1737025159 22.23
1737025160 22.38
1737025161 28.75
1737025162 28.91
1737025163 29.91
1737025164 20.29
1737025165 29.18
1737025166 21.63
1737025167 28.23
1737025168 20.02
1737025169 29.37
1737025170 26.64
1737025171 29.13
1737025172 29.42
1737025173 21.13
1737025174 22.11
1737025175 26.48
1737025176 20.48
1737025177 21.99
1737025178 21.12
1737025179 25.61
1737025180 21.83
1737025181 21.06
1737025182 22.98
1737025183 24.35
1737025184 27.44
1737025185 24.1
1737025186 27.61
1737025187 24.54
1737025188 27.08
1737025189 29.91
1737025190 20.46
1737025191 21.3
1737025192 27.22
1737025193 26.66
1737025194 24.62
1737025195 22.8
1737025196 23.66
1737025197 21.38
1737025198 24.5
1737025199 24.7
1737025200 21.59
1737025201 22.97
1737025202 26.16
1737025203 20.32
1737025204 27.43
1737025205 20.54
1737025206 22.81
1737025207 29.6
1737025208 22.34
1737025209 27.42
1737025210 29.07
1737025211 27.02
1737025212 23.19
1737025213 21.91
1737025214 21.45
1737025215 20.51
1737025216 26.75
1737025217 29.95
1737025218 25.29
1737025219 26.89
1737025220 24.69
1737025221 23.43
1737025222 26.66
1737025223 21.24
1737025224 28.54
1737025225 20.96
1737025226 21.07
1737025227 20.52
1737025228 23.18
1737025229 26.09
1737025230 23.62
1737025231 24.34
1737025232 28.17
1737025233 24.4
1737025234 28.25
1737025235 28.08
1737025236 27.85
1737025237 23.15
1737025238 21.27
1737025239 28.78
1737025240 22.98
1737025241 29.15
1737025242 26.22
1737025243 26.61
1737025244 24.33
1737025245 25.19
1737025246 27.16
1737025247 22.23
1737025248 20.18
1737025249 26.98
1737025250 25.69
1737025251 20.78
1737025252 29.86
1737025253 28.56
1737025254 20.82
1737025255 22.96
1737025256 27.92
1737025257 21.13
1737025258 22.47
1737025259 23.74
1737025260 29.35
1737025261 29.79
1737025262 24.61
1737025263 26.52
1737025264 25.96
1737025265 28.87
1737025266 27.31
1737025267 26.69
1737025268 27.08
1737025269 26.53
1737025270 22.62
1737025271 23.04
1737025272 25.32
1737025273 21.28
1737025274 22.75
1737025275 29.85
1737025276 23.78
1737025277 21.33
1737025278 29.09
1737025279 22.57
1737025280 28.85
1737025281 26.73
1737025282 25.61
1737025283 21.97
1737025284 21.67
1737025285 21.39
1737025286 21.86
1737025287 23.09
1737025288 20.49
1737025289 22.54
1737025290 29.92
1737025291 29.84
1737025292 22.5
1737025293 22.18
1737025294 28.51
1737025295 25.04
1737025296 28.19
1737025297 29.35
1737025298 25.97
1737025299 27.02
1737025300 23.09
1737025301 24.74
1737025302 28.37
1737025303 24.77
1737025304 23.66
1737025305 23.55
1737025306 20.09
1737025307 25.35
1737025308 26.29
1737025309 26.33
1737025310 28.15
1737025311 20.09
1737025312 24.79
1737025313 24.66
1737025314 28.23
1737025315 23.76
1737025316 24.03
1737025317 25.81
1737025318 26.6
1737025319 21.2
1737025320 22.14
1737025321 21.94
1737025322 27.83
1737025323 21.52
1737025324 24.87
1737025325 21.37
1737025326 21.16
1737025327 26.02
1737025328 24.61
1737025329 28.34
1737025330 27.86
1737025331 29.25
1737025332 23.09
1737025333 28.34
1737025334 28.33
1737025335 26.49
1737025336 28.06
1737025337 25.28
1737025338 27.02
1737025339 22.16
1737025340 22.05
1737025341 27.82
1737025342 25.04
1737025343 21.6
1737025344 21.53
1737025345 29.97
1737025346 25.26
1737025347 25.77
1737025348 27.13
1737025349 20.89
1737025350 24.67
1737025351 26.43
1737025352 28.83
1737025353 22.79
1737025354 23.45
1737025355 20.73
1737025356 23.98
1737025357 24.8
1737025358 29.62
1737025359 28.08
1737025360 28.07
1737025361 21.98
1737025362 21.94
1737025363 23.31
1737025364 24.79
1737025365 26.11
1737025366 25.99
1737025367 21.67
1737025368 20.36
1737025369 24.11
1737025370 28.49
1737025371 27.8
1737025372 30
1737025373 22.58
1737025374 24.21
1737025375 21.19
1737025376 23.4
1737025377 26.71
1737025378 24.59
1737025379 24.48
1737025380 29.58
1737025381 27.11
1737025382 29.97
1737025383 22.12
1737025384 22.8
1737025385 29.81
1737025386 23.15
1737025387 21.82
1737025388 22.4
1737025389 21.02
1737025390 28.63
1737025391 24.93
1737025392 21.54
1737025393 26.14
1737025394 23.12
1737025395 21.43
1737025396 22.7
1737025397 29.68
1737025398 22.33
1737025400 21.81
1737025401 29.52
1737025402 24.65
1737025403 28.63
1737025404 29.94
1737025405 22.95
1737025406 29.69
1737025407 23.33
1737025408 23.51
1737025409 28.57
1737025410 27.51
1737025411 20.22
1737025412 21.42
1737025413 29.43
1737025414 24.56
1737025415 26.82
1737025416 27.02
1737025417 22.5
1737025418 29.52
1737025419 27.74
1737025420 24.6
1737025421 20.1
1737025422 23.36
1737025423 29
1737025424 28.9
1737025425 28.99
1737025426 23.49
1737025427 26.39
1737025428 29.22
1737025429 25.37
1737025430 27.7
1737025431 21.43
1737025432 28.5
1737025433 26.82
1737025434 27.43
1737025435 23.59
1737025436 29.48
1737025437 26.19
1737025438 20.7
1737025439 23.29
1737025440 26.1
1737025441 28.23
1737025442 23.17
1737025443 22.74
1737025444 22.62
1737025445 29.57
1737025446 26.2
1737025447 29.21
1737025448 27.03
1737025449 27.61
1737025450 22.63
1737025451 25.75
1737025452 28.63
1737025453 21.35
1737025454 29.31
1737025455 29.87
1737025456 25.92
1737025457 28.01
1737025458 29.35
1737025459 21.68
1737025460 23.79
1737025461 26.52
1737025462 29.38
1737025463 28.39
1737025464 28.42
1737025465 20.83
1737025466 22.98
1737025467 24.26
1737025468 24.45
1737025469 29.01
1737025470 23.81
1737025471 23.32
1737025472 20
1737025473 23.42
1737025474 21.79
1737025475 24.71
1737025476 22.74
1737025477 21.06
1737025478 26.69
1737025479 20.2
1737025480 21.29
1737025481 22.87
1737025482 21.54
1737025483 25.05
1737025484 28.04
1737025485 21.87
1737025486 20.03
1737025487 22.16
1737025488 28.02
1737025489 20.01
1737025490 28.51
1737025491 23.79
1737025492 22.16
1737025493 25.05
1737025494 26.26
1737025495 22.97
1737025496 20.6
1737025497 22.12
1737025498 26.23
1737025499 26.07
1737025500 23.02
1737025501 28.5
1737025502 23.09
1737025503 28.48
1737025504 29.52
1737025505 27.19
1737025506 26.09
1737025507 25.41
1737025508 29.6
1737025509 25.51
1737025510 27.32
1737025511 23.37
1737025512 22.95
1737025513 21.12
1737025514 25.47
1737025515 29.64
1737025516 26.39
1737025517 26.19
1737025518 22.26
1737025519 25.01
1737025520 20.25
1737025521 20.98
1737025522 29.92
1737025523 20.42
1737025524 22.64
1737025525 27.06
1737025526 28.47
1737025527 20.68
1737025528 26.84
1737025529 22.58
1737025530 21.28
1737025531 27.39
1737025532 23.03
1737025533 23.45
1737025534 21.62
1737025535 23.53
1737025536 28.88
1737025537 22.13
1737025538 24.71
1737025539 26.73
1737025540 23.66
1737025541 25.11
1737025542 25.32
1737025543 27.25
1737025544 27.86
1737025545 22.37
1737025546 20.47
1737025547 21.15
1737025548 21.69
1737025549 28.18
1737025550 28.22
1737025551 20.82
1737025552 24.56
1737025553 25.4
1737025554 27.21
1737025555 21.13
1737025556 21.74
1737025557 25.57
1737025558 22.88
1737025559 25.76
1737025560 20.18
1737025561 21.28
1737025562 29.97
1737025563 21.48
1737025564 25.31
1737025565 23
1737025566 20.5
1737025567 21.59
1737025568 26.6
1737025569 28.49
1737025570 29
1737025571 26.69
1737025572 22.29
1737025573 20.24
1737025574 26.47
1737025575 28.79
1737025576 27.03
1737025577 21.95
1737025578 21.59
1737025579 21.75
1737025580 25.17
1737025581 26.7
1737025582 28.89
1737025583 29.81
1737025584 25.58
1737025585 24.35
1737025586 20.55
1737025587 26.03
1737025588 27.57
1737025589 25.52
1737025590 26.26
1737025591 22.31
1737025592 24.18
1737025593 27.85
1737025594 21.38
1737025595 24.13
1737025596 22.47
1737025597 26.75
1737025598 23.56
1737025599 28.75
1737025600 29.63
1737025601 22.7
1737025602 29.99
1737025603 21.48
1737025604 23.48
1737025605 20.55
1737025606 22.71
1737025607 26.4
1737025608 22.72
1737025609 29.55
1737025610 22.15
1737025611 22.32
1737025612 29.92
1737025613 29.12
1737025614 22.17
1737025615 27.52
1737025616 25.65
1737025617 21.35
1737025618 22.22
1737025619 22.18
1737025620 24.89
1737025621 21.35
1737025622 21.3
1737025623 24.86
1737025624 25.21
1737025625 20.34
1737025626 23.88
1737025627 29.13
1737025628 29.4
1737025629 23.19
1737025630 23.21
1737025631 23.03
1737025632 24.48
1737025633 29.31
1737025634 25.75
1737025635 28.82
1737025636 28.81
1737025637 24.11
1737025638 22.6
1737025639 22.11
1737025640 27.51
1737025641 27.43
1737025642 25.39
1737025643 28.9
1737025644 23.39
1737025645 21.12
1737025646 28.98
1737025647 29.23
1737025648 26.76
1737025649 24.84
1737025650 22.91
1737025651 29.88
1737025652 29.78
1737025653 28.64
1737025654 25.56
1737025655 22.47
1737025656 26
1737025657 25.06
1737025658 21.54
1737025659 27.66
1737025660 26.48
1737025661 23.77
1737025662 20.99
1737025663 21.94
1737025664 26.41
1737025665 23.04
1737025666 23.92
1737025667 23.9
1737025668 21.87
1737025669 23.28
1737025670 22.86
1737025671 23.98
1737025672 28.81
1737025673 24.48
1737025674 23.68
1737025675 27.97
1737025676 27.48
1737025677 24.98
1737025678 24.49
1737025679 28.19
1737025680 25.75
1737025681 29.82
1737025682 20.06
1737025683 27.95
1737025684 27.22
1737025685 24.49
1737025686 26.21
1737025687 22.04
1737025688 20.84
1737025689 26.3
1737025690 26.63
1737025691 20.94
1737025693 24.71
1737025694 23.25
1737025695 22.25
1737025696 20.15
1737025697 21.48
1737025698 26.69
1737025699 20.05
1737025700 28.29
1737025701 25.31
1737025702 25.84
1737025703 22.34
1737025704 21.68
1737025705 28.51
1737025706 25.22
1737025707 23.52
1737025708 20.48
1737025709 29.99
1737025710 24.54
1737025711 28.88
1737025712 27.02
1737025713 21.9
1737025714 27.89
1737025715 27.05
1737025716 26.32
1737025717 22.53
1737025718 27.74
1737025719 27.87
1737025720 24.01
1737025721 20.81
1737025722 24.49
1737025723 22.07
1737025724 22.83
1737025725 29.66
1737025726 24.88
1737025727 28.23
1737025728 20.73
1737025729 29.24
1737025730 29.97
1737025731 23.24
1737025732 20.8
1737025733 24.25
1737025734 20.9
1737025735 29.27
1737025736 29.19
1737025737 28.78
1737025738 29.18
1737025739 25.81
1737025740 28.73
1737025741 23.57
1737025742 24.33
1737025743 25.75
1737025744 27.9
1737025745 28.68
1737025746 28.7
1737025747 23.77
1737025748 27.55
1737025749 20.11
1737025750 20.15
1737025751 29.77
1737025752 23.53
1737025753 29.38
1737025754 28.52
1737025755 24.87
1737025756 28.52
1737025757 22.66
1737025758 26.48
1737025759 27.51
1737025760 25.95
1737025761 26.75
1737025762 23.2
1737025763 29.21
1737025764 23.97
1737025765 29.2
1737025766 24.94
1737025767 29
1737025768 21.25
1737025769 29.56
1737025770 29
1737025771 25.16
1737025772 22.02
1737025773 27.03
1737025774 22.4
1737025775 28.21
1737025776 28.5
1737025777 20.75
1737025778 26.99
1737025779 26.31
1737025780 29.73
1737025781 20.06
1737025782 27.22
1737025783 24.31
1737025784 22.11
1737025785 20.02
1737025786 25.83
1737025787 24.3
1737025788 25.68
1737025789 27.52
1737025790 25.23
1737025791 23.67
1737025792 24.3
1737025793 21.39
1737025794 23.34
1737025795 28.75
1737025796 24.79
1737025797 27.58
1737025798 28.34
1737025799 29.12
1737025800 28.51
1737025801 22.26
1737025802 21.27
1737025803 24.81
1737025804 24.02
1737025805 22.18
1737025806 25.43
1737025807 29.64
1737025808 26.76
1737025809 21.36
1737025810 23.08
1737025811 23.54
1737025812 20.14
1737025813 24.4
1737025814 26.29
1737025815 20.41
1737025816 24.2
1737025817 21.71
1737025818 25.75
1737025819 24.93
1737025820 24.85
1737025821 21.17
1737025822 26.92
1737025823 29.65
1737025824 29.83
1737025825 22.46
1737025826 21.78
1737025827 22.2
1737025828 25.76
1737025829 27.65
1737025830 27.1
1737025831 29.51
1737025832 27.88
1737025833 27.91
1737025834 26.83
1737025835 24.99
1737025836 27.68
1737025837 27.72
1737025838 21.25
1737025839 21.05
1737025840 24.03
1737025841 20.1
1737025842 22.09
1737025843 21.68
1737025844 27.5
1737025845 25.92
1737025846 28.96
1737025847 20.32
1737025848 26.59
1737025849 24.72
1737025850 26.14
1737025851 20.09
1737025852 24.6
1737025853 23.67
1737025854 26.7
1737025855 24.1
1737025856 24.24
1737025857 29.79
1737025858 24.94
1737025859 24.53
1737025860 29.2
1737025861 20.84
1737025862 25.99
1737025863 22.83
1737025864 21.99
1737025865 26.5
1737025866 22.04
1737025867 28.99
1737025868 25.77
1737025869 20.01
1737025870 22.41
1737025871 28.34
1737025872 26.39
1737025873 27.46
1737025874 23.84
1737025875 23.7
1737025876 22.61
1737025877 26.53
1737025878 28.47
1737025879 28.57
1737025880 26.28
1737025881 26.43
1737025882 22.93
1737025883 23.39
1737025884 29.53
1737025885 23
1737025886 23.02
1737025887 25.33
1737025888 24.51
1737025889 22.06
1737025890 29.58
1737025891 23.43
1737025892 20.54
1737025893 25.3
1737025894 26.33
1737025895 26.01
1737025896 28.95
1737025897 26.47
1737025898 27.78
1737025899 29.78
1737025900 21.43
1737025901 21.37
1737025902 29.04
1737025903 20.12
1737025904 25.38
1737025905 26.19
1737025906 25.35
1737025907 29.74
1737025908 28.08
1737025909 27.16
1737025910 20.98
1737025911 23.56
1737025912 23.44
1737025913 22.74
1737025914 22.63
1737025915 21
1737025916 24.4
1737025917 24.17
1737025918 25.69
1737025919 27.33
1737025920 25.53
1737025921 28.33
1737025922 28.1
1737025923 26.41
1737025924 20.13
1737025925 25.83
1737025926 21.89
1737025927 28.59
1737025928 27.52
1737025929 20.9
1737025930 23.81
1737025931 21.42
1737025932 28.37
1737025933 21.28
1737025934 22.75
1737025935 20.9
1737025936 27.04
1737025937 29.62
1737025938 24.21
1737025939 20.11
1737025940 29.49
1737025941 27.46
1737025942 24.4
1737025943 21.02
1737025944 21.25
1737025945 26.39
1737025946 22.8
1737025947 20.57
1737025948 26.58
1737025949 29.06
1737025950 25.16
1737025951 27.24
1737025952 22.59
1737025953 20.37
1737025954 27.64
1737025955 24.92
1737025956 26.21
1737025957 20.46
1737025958 20.83
1737025959 26.96
1737025960 20.46
1737025961 20.12
1737025962 28.23
1737025963 20.53
1737025964 23.85
1737025965 27.63
1737025966 28.19
1737025967 29.12
1737025968 21.43
1737025970 29.18
1737025971 21.78
1737025972 23.9
1737025973 24.03
1737025974 27.25
1737025975 24.19
1737025976 24.27
1737025977 29.35
1737025978 25.18
1737025979 21.01
1737025980 27.94
1737025981 29.25
1737025982 20.8
1737025983 21.78
1737025984 23.35
1737025985 25.31
1737025986 22.65
1737025987 22.28
1737025988 21.13
1737025989 22.78
1737025990 28.89
1737025991 26.2
1737025992 21.83
1737025993 25.98
1737025994 23.22
1737025995 25.08
1737025996 23.7
1737025997 27.81
1737025998 22.52
1737025999 25.88
1737026000 23.33
1737026001 20.33
1737026002 20.37
1737026003 21.58
1737026004 28.98
1737026005 27.47
1737026006 21.19
1737026007 29.56
1737026008 25.35
1737026009 23.3
1737026010 29.04
1737026011 25.34
1737026012 21.05
1737026013 27.16
1737026014 20.06
1737026015 29.36
1737026016 23.58
1737026017 26.17
1737026018 23.39
1737026019 23.57
1737026020 29.05
1737026021 20.85
1737026022 29.21
1737026023 25.07
1737026024 20.42
1737026025 21.14
1737026026 25.27
1737026027 21.93
1737026028 20.45
1737026029 26.17
1737026030 25.93
1737026031 28.5
1737026032 25.96
1737026033 21.71
1737026034 25.64
1737026035 28.83
1737026036 20.76
1737026037 25.15
1737026038 24.04
1737026039 24.38
1737026040 29.51
1737026041 25.71
1737026042 25.9
1737026043 23.78
1737026044 25.38
1737026045 26.75
1737026046 22.76
1737026047 24.43
1737026048 20.5
1737026049 25.09
1737026050 22.85
1737026051 26.27
1737026052 29.35
1737026053 21.96
1737026054 27.06
1737026055 26.52
1737026056 24.01
1737026057 27.53
1737026058 20.89
1737026059 29.38
1737026060 24.87
1737026061 21.55
1737026062 24.29
1737026063 22.36
1737026064 26.59
1737026065 22.17
1737026066 23.54
1737026067 20.94
1737026068 21.49
1737026069 21.32
1737026070 27.41
1737026071 21.33
1737026072 21.62
1737026073 26.1
1737026074 25.35
1737026075 27.55
1737026076 29.51
1737026077 26.29
1737026078 28.86
1737026079 23.18
1737026080 21.86
1737026081 25.02
1737026082 26.5
1737026083 20.26
1737026084 23.73
1737026085 28.12
1737026086 25.69
1737026087 28.45
1737026088 27.65
1737026089 25.51
1737026090 29.32
1737026091 22.34
1737026092 21.51
1737026093 20.42
1737026094 20.42
1737026095 23.03
1737026096 22.83
1737026097 24.66
1737026098 22.95
1737026099 23.91
1737026100 22.44
1737026101 25.7
1737026102 20.76
1737026103 24.04
1737026104 22.79
1737026105 27.16
1737026106 21.62
1737026107 29.69
1737026108 26.45
1737026109 28.58
1737026110 24.77
1737026111 26.73
1737026112 23.2
1737026113 23.03
1737026114 21.63
1737026115 22.28
1737026116 23.02
1737026117 23.82
1737026118 27.73
1737026119 23.1
1737026120 25.82
1737026121 26.9
1737026122 28.21
1737026123 27.81
1737026124 27.47
1737026125 23.67
1737026126 28.03
1737026127 24.84
1737026128 23.04
1737026129 27.7
1737026130 25.87
1737026131 22.96
1737026132 25.61
1737026133 23.25
1737026134 26.7
1737026135 21.27
1737026136 29.4
1737026137 26.31
1737026138 29.97
1737026139 20.86
1737026140 23.17
1737026141 21.81
1737026142 25.95
1737026143 28.57
1737026144 27.78
1737026145 25.04
1737026146 28.16
1737026147 26.33
1737026148 21.83
1737026149 24.17
1737026150 26.84
1737026151 24.81
1737026152 24.16
1737026153 26.77
1737026154 25.47
1737026155 29.02
1737026156 22.7
1737026157 26.21
1737026158 21.95
1737026159 22.83
1737026160 29.86
1737026161 20.76
1737026162 22.37
1737026163 25.76
1737026164 28.08
1737026165 24.24
1737026166 23.8
1737026167 24.86
1737026168 20.45
1737026169 29.29
1737026170 28
1737026171 22.8
1737026172 25.23
1737026173 28.29
1737026174 22.48
1737026175 23.73
1737026176 20.87
1737026177 28.75
1737026178 21.94
1737026179 28.52
1737026180 20.57
1737026181 20.39
1737026182 27.38
1737026183 23.34
1737026184 21.72
1737026185 26.27
1737026186 24.61
1737026187 23.72
1737026188 25.42
1737026189 24.89
1737026190 26.45
1737026191 27.57
1737026192 23.7
1737026193 23.82
1737026194 28.61
1737026195 26
1737026196 26.04
1737026197 25.81
1737026198 28.28
1737026199 20.68
1737026200 28.3
1737026201 22.27
1737026202 22.92
1737026203 26.16
1737026204 24.02
1737026205 29.1
1737026206 27.26
1737026207 29.95
1737026208 24.49
1737026209 28.61
1737026210 22.38
1737026211 21.25
1737026212 25.86
1737026213 25.17
1737026214 23.98
1737026215 22.07
1737026216 23.27
1737026217 27.29
1737026218 26.92
1737026219 27.76
1737026220 21.19
1737026221 25.46
1737026222 29.37
1737026223 24
1737026224 23.14
1737026225 21.79
1737026226 21.72
1737026227 24.86
1737026228 21.04
1737026229 27.91
1737026230 29.51
1737026231 27.02
1737026232 27.96
1737026233 23.14
1737026234 25.58
1737026235 20.58
1737026236 27.53
1737026237 29.63
1737026238 23.45
1737026239 28.98
1737026240 29.31
1737026241 23.71
1737026242 22.24
1737026243 29.48
1737026244 25.41
1737026245 21.92
1737026246 20.38
1737026247 27.14
1737026248 28.46
1737026249 27.26
1737026250 22.12
1737026251 20.36
1737026252 26.74
1737026253 20.5
1737026255 21.21
1737026256 25.12
1737026257 24.51
1737026258 25.24
1737026259 29.22
1737026260 28.39
1737026261 28.95
1737026262 24.42
1737026263 24.4
1737026264 20.53
1737026265 28.73
1737026266 24.56
1737026267 26.2
1737026268 29.81
1737026269 27.8
1737026270 27.67
1737026271 26.66
1737026272 29.4
1737026273 25.71
1737026274 21.78
1737026275 27.3
1737026276 21.17
1737026277 26.17
1737026278 22.86
1737026279 22.71
1737026280 27.28
1737026281 21.72
1737026282 22.16
1737026283 26.34
1737026284 20.99
1737026285 22.49
1737026286 29.02
1737026287 21.19
1737026288 21.65
1737026289 22.7
1737026290 20.33
1737026291 25.6
1737026292 22.02
1737026293 23.1
1737026294 20.36
1737026295 24.72
1737026296 27.38
1737026297 23.61
1737026298 20.51
1737026299 25.51
1737026300 23.7
1737026301 24.13
1737026302 26.31
1737026303 21.37
1737026304 25.77
1737026305 20.24
1737026306 20.22
1737026307 23.21
1737026308 26.15
1737026309 21.43
1737026310 27.72
1737026311 24.98
1737026312 21.48
1737026313 21.33
1737026314 28.3
1737026315 29.11
1737026316 27.99
1737026317 28.47
1737026318 22.52
1737026319 22.79
1737026320 25.13
1737026321 27.58
1737026322 22.98
1737026323 22.45
1737026324 23.03
1737026325 21.65
1737026326 20.78
1737026327 29.83
1737026328 27.48
1737026329 23.64
1737026330 27.76
1737026331 27.09
1737026332 22.54
1737026333 23.13
1737026334 29.49
1737026335 27.33
1737026336 28.6
1737026337 27.6
1737026338 25.75
1737026339 26.51
1737026340 27.41
1737026341 29.54
1737026342 21.59
1737026343 21.21
1737026344 25.85
1737026345 27.62
1737026346 23.12
1737026347 25.15
1737026348 23.34
1737026349 21.29
1737026350 27.09
1737026351 29.38
1737026352 20.02
1737026353 24.89
1737026354 27.9
1737026355 21.66
1737026356 21.7
1737026357 29.99
1737026358 27.78
1737026359 23.57
1737026360 24.58
1737026361 23
1737026362 21.35
1737026363 29.71
1737026364 27.52
1737026365 27.24
1737026366 25.58
1737026367 26.47
1737026368 24.9
1737026369 20.88
1737026370 22.36
1737026371 29.77
1737026372 23.39
1737026373 29.16
1737026374 27.05
1737026375 27.96
1737026376 24.62
1737026377 29.46
1737026378 20.76
1737026379 28.63
1737026380 23
1737026381 28.39
1737026382 20.9
1737026383 20.17
1737026384 20.74
1737026385 23.34
1737026386 27.16
1737026387 25.57
1737026388 23.31
1737026389 26.57
1737026390 29.97
1737026391 20.01
1737026392 20.73
1737026393 29.07
1737026394 27.77
1737026395 20.39
1737026396 28.52
1737026397 21.55
1737026398 21.02
1737026399 20.96
1737026400 23.11
1737026401 24.66
1737026402 20.02
1737026403 29.65
1737026404 24.82
1737026405 20.7
1737026406 27.54
1737026407 23.63
1737026408 24.71
1737026409 26.47
1737026410 23.31
1737026411 29.12
1737026412 23.97
1737026413 28.71
1737026414 22.09
1737026415 24.61
1737026416 20.72
1737026417 21.14
1737026418 25.98
1737026419 21.27
1737026420 24.54
1737026421 24.89
1737026422 29.2
1737026423 20.69
1737026424 29.86
1737026425 20.73
1737026426 22.05
1737026427 25.85
1737026428 22.35
1737026429 28.96
1737026430 22.92
1737026431 26.98
1737026432 22.03
1737026433 22.06
1737026434 21.93
1737026435 21.93
1737026436 25.07
1737026437 29.51
1737026438 25.17
1737026439 27.7
1737026440 25.22
1737026441 21.75
1737026442 25.32
1737026443 24.51
1737026444 23.3
1737026445 21.6
1737026446 26.27
1737026447 29.94
1737026448 21.91
1737026449 23.41
1737026450 29.44
1737026451 20.52
1737026452 20.56
1737026453 25.19
1737026454 23.45
1737026455 27.25
1737026456 21.01
1737026457 21.37
1737026458 21.42
1737026459 27.21
1737026460 24.5
1737026461 28.73
1737026462 25.88
1737026463 26.84
1737026464 25.93
1737026465 21.83
1737026466 24.24
1737026467 20.87
1737026468 27.89
1737026469 26.05
1737026470 22.86
1737026471 25.11
1737026472 22.36
1737026473 26.31
1737026474 21.78
1737026475 24.49
1737026476 24.46
1737026477 26.58
1737026478 20.28
1737026479 26.12
1737026480 25.44
1737026481 21.11
1737026482 24.85
1737026483 27.11
1737026484 23.53
1737026485 29.76
1737026486 21.25
1737026487 27.29
1737026488 28.92
1737026489 25.15
1737026490 27.9
1737026491 23.87
1737026492 28.78
1737026493 20.55
1737026494 29.28
1737026495 27.41
1737026496 27.61
1737026497 24.12
1737026498 25.14
1737026499 27.24
1737026500 24.68
1737026501 27.42
1737026502 23.13
1737026503 29.16
1737026504 20.56
1737026505 26.85
1737026506 29.56
1737026507 22.48
1737026508 27.72
1737026509 24.46
1737026510 25.72
1737026511 25.8
1737026512 20.19
1737026513 27.63
1737026514 25.09
1737026515 25.91
1737026516 24.93
1737026517 25.24
1737026518 22.61
1737026519 27.88
1737026520 27.86
1737026521 23.75
1737026522 26.78
1737026523 28.08
1737026524 29.76
1737026525 27.48
1737026526 25.28
1737026527 20.05
1737026528 27.89
1737026529 21.38
1737026530 20.87
1737026531 26.57
1737026532 25.28
1737026533 25.96
1737026534 20.87
1737026535 26.45
1737026536 21.78
1737026538 28.02
1737026539 25.9
1737026540 29.92
1737026541 29.01
1737026542 26.11
1737026543 29.17
1737026544 21.05
1737026545 23.57
1737026546 20.54
1737026547 26.11
1737026548 22.2
1737026549 29.2
1737026550 22.51
1737026551 23.01
1737026552 29.55
1737026553 24.47
1737026554 22.52
1737026555 21.12
1737026556 24.01
1737026557 29.14
1737026558 28.64
1737026559 23.31
1737026560 27.92
1737026561 27.83
1737026562 29.27
1737026563 21.18
1737026564 29.11
1737026565 29.82
1737026566 29.83
1737026567 29.59
1737026568 26.16
1737026569 26.61
1737026570 24.53
1737026571 27.06
1737026572 21.56
1737026573 29.05
1737026574 23.75
1737026575 26.7
1737026576 24.96
1737026577 24.75
1737026578 25.27
1737026579 24.06
1737026580 28.44
1737026581 21.29
1737026582 21.85
1737026583 23.56
1737026584 28.91
1737026585 22.78
1737026586 26.64
1737026587 27.48
1737026588 22.62
1737026589 20.97
1737026590 20.58
1737026591 27.37
1737026592 21.44
1737026593 25.61
1737026594 25.1
1737026595 22.12
1737026596 23.37
1737026597 29.01
1737026598 29.28
1737026599 21.88
1737026600 26.67
1737026601 28.9
1737026602 24.71
1737026603 22.13
1737026604 23.25
1737026605 25.15
1737026606 29.59
1737026607 28.82
1737026608 29.48
1737026609 27.26
1737026610 22.72
1737026611 25.7
1737026612 20.37
1737026613 25.95
1737026614 27.97
1737026615 25.35
1737026616 21.14
1737026617 29.59
1737026618 29.29
1737026619 26.44
1737026620 25.92
1737026621 27.96
1737026622 29.47
1737026623 29.68
1737026624 20.7
1737026625 25.51
1737026626 24.58
1737026627 29.2
1737026628 24.71
1737026629 29.11
1737026630 25.1
1737026631 23.84
1737026632 22.22
1737026633 25.5
1737026634 24.71
1737026635 20.84
1737026636 22
1737026637 24.6
1737026638 21.29
1737026639 23.55
1737026640 25.28
1737026641 20.56
1737026642 25.37
1737026643 21.91
1737026644 24.98
1737026645 22.78
1737026646 27.85
1737026647 27.22
1737026648 21.67
1737026649 22.37
1737026650 23.21
1737026651 27.02
1737026652 25.1
1737026653 27.75
1737026654 26.18
1737026655 29.31
1737026656 22.18
1737026657 22.64
1737026658 25.47
1737026659 24.74
1737026660 22.28
1737026661 23
1737026662 29.49
1737026663 20.12
1737026664 22.66
1737026665 26.3
1737026666 28.16
1737026667 24.54
1737026668 25.6
1737026669 26.42
1737026670 29.62
1737026671 25.29
1737026672 28.3
1737026673 23.09
1737026674 23.56
1737026675 22.19
1737026676 24.37
1737026677 20.71
1737026678 25.53
1737026679 26.29
1737026680 24.56
1737026681 21.69
1737026682 25.52
1737026683 26.26
1737026684 28.7
1737026685 22.88
1737026686 24.84
1737026687 24.89
1737026688 20.19
1737026689 20.77
1737026690 22.17
1737026691 21.59
1737026692 25.86
1737026693 21.99
1737026694 27.01
1737026695 20.01
1737026696 28.95
1737026697 24.95
1737026698 23.51
1737026699 23.93
1737026700 25.34
1737026701 21.65
1737026702 24.19
1737026703 29.41
1737026704 21.29
1737026705 21.92
1737026706 28.36
1737026707 28.58
1737026708 21.75
1737026709 27.77
1737026710 27.5
1737026711 23.65
1737026712 27.14
1737026713 26.84
1737026714 29.16
1737026715 20.19
1737026716 25.25
1737026717 20.21
1737026718 28.54
1737026719 27.16
1737026720 28.01
1737026721 25.8
1737026722 23.75
1737026723 22.94
1737026724 26.42
1737026725 28.43
1737026726 24.32
1737026727 25.74
1737026728 25.74
1737026729 20.99
1737026730 29.2
1737026731 25.7
1737026732 20.4
1737026733 25.51
1737026734 22.1
1737026735 26.21
1737026736 27.9
1737026737 20.19
1737026738 26.1
1737026739 28.04
1737026740 27.38
1737026741 24.68
1737026742 28.26
1737026743 20.65
1737026744 26.78
1737026745 27.16
1737026746 23.61
1737026747 24.57
1737026748 28.65
1737026749 28.62
1737026750 24.03
1737026751 20.76
1737026752 22.27
1737026753 29.23
1737026754 28.77
1737026755 21.88
1737026756 25.38
1737026757 21.83
1737026758 22.15
1737026759 25.77
1737026760 29.86
1737026761 20.28
1737026762 21.61
1737026763 24.35
1737026764 27.51
1737026765 24.48
1737026766 22.46
1737026767 28.8
1737026768 23.4
1737026769 20.41
1737026770 25.07
1737026771 23.07
1737026772 21.22
1737026773 25.5
1737026774 25
1737026775 20.17
1737026776 23.42
1737026777 22.48
1737026778 26.5
1737026779 22.83
1737026780 23.42
1737026781 24.67
1737026782 26.21
1737026783 23.54
1737026784 25.3
1737026785 27.77
1737026786 24.46
1737026787 29.42
1737026788 22.72
1737026789 22.22
1737026790 23.9
1737026791 22.71
1737026792 27.45
1737026793 24.16
1737026794 26.25
1737026795 29.8
1737026796 27.53
1737026797 21.76
1737026798 23.63
1737026799 27.2
1737026800 23.28
1737026801 26.6
1737026802 29.41
1737026803 29.35
1737026804 28.42
1737026805 23.07
1737026806 20.06
1737026807 29.77
1737026808 24.75
1737026809 24.25
1737026810 26.01
1737026812 20.62
1737026813 23.77
1737026814 27.61
1737026815 25.37
1737026816 29.46
1737026817 23.49
1737026818 21.11
1737026819 26.35
1737026820 26.13
1737026821 26.21
1737026822 24.11
1737026823 22.97
1737026824 25.93
1737026825 20.97
1737026826 21.04
1737026827 29.13
1737026828 28.14
1737026829 20.14
1737026830 25.03
1737026831 22.26
1737026832 28.9
1737026833 22.33
1737026834 27.62
1737026835 28.58
1737026836 21.14
1737026837 26.05
1737026838 29.04
1737026839 20.7
1737026840 23.78
1737026841 20.48
1737026842 27.72
1737026843 21.55
1737026844 26.27
1737026845 20.31
1737026846 21.49
1737026847 22.63
1737026848 28.88
1737026849 29.61
1737026850 22.59
1737026851 29.97
1737026852 20.5
1737026853 23.23
1737026854 23.12
1737026855 29.44
1737026856 25.02
1737026857 27.02
1737026858 23.2
1737026859 29.16
1737026860 28.11
1737026861 25.44
1737026862 25.47
1737026863 26.23
1737026864 23.58
1737026865 21.28
1737026866 26.36
1737026867 25.21
1737026868 21.28
1737026869 23.67
1737026870 24.04
1737026871 29.27
1737026872 27.6
1737026873 23.76
1737026874 25.77
1737026875 21.69
1737026876 29.01
1737026877 21.2
1737026878 23.65
1737026879 28.45
1737026880 24.54
1737026881 22.49
1737026882 22.22
1737026883 25.74
1737026884 24.32
1737026885 25.11
1737026886 25.91
1737026887 23.87
1737026888 24.48
1737026889 22.69
1737026890 29.15
1737026891 20.89
1737026892 24.87
1737026893 24.16
1737026894 25.57
1737026895 26.91
1737026896 29.97
1737026897 22.37
1737026898 28.79
1737026899 22.46
1737026900 22.64
1737026901 25.74
1737026902 25.84
1737026903 20.86
1737026904 22.11
1737026905 20.15
1737026906 23.56
1737026907 21.76
1737026908 25.02
1737026909 28.94
1737026910 20.19
1737026911 21.34
1737026912 23.66
1737026913 27.37
1737026914 27.34
1737026915 25.36
1737026916 23.26
1737026917 26.31
1737026918 21.37
1737026919 27.91
1737026920 26.24
1737026921 25.72
1737026922 25.44
1737026923 27.41
1737026924 24.24
1737026925 22.65
1737026926 20.89
1737026927 20.62
1737026928 29.39
1737026929 21.58
1737026930 28.37
1737026931 27.84
1737026932 24.52
1737026933 23.38
1737026934 22.48
1737026935 27.01
1737026936 22.66
1737026937 23.94
1737026938 29.44
1737026939 26.36
1737026940 25.74
1737026941 21.05
1737026942 20.35
1737026943 21.05
1737026944 29.34
1737026945 20.11
1737026946 27.9
1737026947 28.11
1737026948 20.71
1737026949 20.16
1737026950 23.29
1737026951 26.94
1737026952 27.73
1737026953 23.13
1737026954 28.93
1737026955 24.72
1737026956 28.72
1737026957 27.78
1737026958 24.77
1737026959 27.18
1737026960 27.21
1737026961 29.91
1737026962 28.65
1737026963 29.33
1737026964 25.36
1737026965 28.03
1737026966 22.77
1737026967 24.36
1737026968 25.2
1737026969 27.81
1737026970 24.79
1737026971 23.74
1737026972 23.63
1737026973 23.19
1737026974 21.26
1737026975 21.61
1737026976 28.43
1737026977 23.24
1737026978 25.55
1737026979 24.89
1737026980 26.09
1737026981 27.49
1737026982 24.72
1737026983 27.91
1737026984 23.4
1737026985 29.2
1737026986 27.92
1737026987 28.48
1737026988 28.35
1737026989 29.85
1737026990 22.65
1737026991 25.58
1737026992 22.47
1737026993 22.42
1737026994 28.64
1737026995 29.64
1737026996 23.42
1737026997 21.05
1737026998 23.6
1737026999 27.38
1737027000 22.63
1737027001 29.42
1737027002 29.77
1737027003 22.98
1737027004 22.36
1737027005 29.6
1737027006 21.33
1737027007 20.64
1737027008 23.07
1737027009 22.66
1737027010 29.18
1737027011 22.32
1737027012 28.23
1737027013 23.95
1737027014 24.28
1737027015 28.53
1737027016 24.1
1737027017 22.08
1737027018 28.05
1737027019 25.65
1737027020 22.3
1737027021 24.47
1737027022 21.27
1737027023 23.89
1737027024 21.07
1737027025 23.12
1737027026 20.4
1737027027 25.29
1737027028 29.36
1737027029 24.21
1737027030 22.64
1737027031 26.59
1737027032 26.96
1737027033 22.49
1737027034 27.61
1737027035 24.95
1737027036 26.52
1737027037 28.89
1737027038 20.07
1737027039 21.54
1737027040 28.89
1737027041 23.71
1737027042 24.98
1737027043 24.9
1737027044 28
1737027045 23.57
1737027046 23.7
1737027047 27.07
1737027048 26.72
1737027049 26.13
1737027050 25.17
1737027051 24.29
1737027052 21.49
1737027053 25.69
1737027054 26.52
1737027055 27.12
1737027056 26.06
1737027057 27.92
1737027058 22.81
1737027059 23.85
1737027060 22.61
1737027061 20.5
1737027062 22.23
1737027063 24.43
1737027064 26.68
1737027065 22.4
1737027066 26.41
1737027067 20.72
1737027068 22.48
1737027069 21.89
1737027070 25.44
1737027071 21.42
1737027072 21.72
1737027073 28.13
1737027074 29.35
1737027075 29.35
1737027076 27.51
1737027077 28.48
1737027078 21.22
1737027079 29.1
1737027080 22.73
1737027081 26.94
1737027082 25.94
1737027083 24.51
1737027084 20.53
1737027085 26.19
1737027086 21.59
1737027087 25.22
1737027088 24.73
1737027089 21.11
1737027090 27.14
1737027091 23.72
1737027092 22.71
1737027094 29.68
1737027095 28.4
1737027096 21.47
1737027097 22.57
1737027098 22.22
1737027099 29.6
1737027100 25.54
1737027101 27.34
1737027102 23.24
1737027103 20.95
1737027104 21.09
1737027105 28.12
1737027106 23.44
1737027107 24.68
1737027108 21.67
1737027109 28.4
1737027110 23.09
1737027111 24.98
1737027112 23.93
1737027113 20.64
1737027114 22.64
1737027115 22.09
1737027116 22.67
1737027117 28.27
1737027118 22.34
1737027119 22.44
1737027120 23.62
1737027121 27.35
1737027122 20.55
1737027123 21.78
1737027124 25.8
1737027125 21.93
1737027126 23.08
1737027127 29.54
1737027128 23.68
1737027129 29.36
1737027130 29.98
1737027131 22.07
1737027132 22.51
1737027133 21.88
1737027134 23.24
1737027135 28.42
1737027136 27.56
1737027137 23.99
1737027138 27.52
1737027139 20.65
1737027140 29.86
1737027141 24.32
1737027142 23.41
1737027143 25.07
1737027144 21.5
1737027145 22.85
1737027146 26.82
1737027147 26.27
1737027148 26.34
1737027149 22.62
1737027150 27.84
1737027151 21.15
1737027152 29.33
1737027153 24.95
1737027154 25.05
1737027155 28.57
1737027156 22.4
1737027157 28.39
1737027158 27.04
1737027159 24.56
1737027160 29.42
1737027161 22.72
1737027162 20.37
1737027163 23.03
1737027164 25.72
1737027165 21.95
1737027166 27.66
1737027167 29.89
1737027168 26.67
1737027169 24.52
1737027170 22.82
1737027171 24.84
1737027172 27.83
1737027173 24.26
1737027174 26.63
1737027175 24.91
1737027176 22.96
1737027177 23.06
1737027178 25.31
1737027179 21.25
1737027180 29.16
1737027181 25.82
1737027182 23.41
1737027183 26.81
1737027184 20.45
1737027185 29.16
1737027186 20.42
1737027187 22.04
1737027188 29.1
1737027189 24.13
1737027190 24.46
1737027191 20.34
1737027192 27.17
1737027193 22.32
1737027194 27.87
1737027195 26.43
1737027196 21.12
1737027197 24.44
1737027198 20.4
1737027199 26.53
1737027200 24.09
1737027201 21.78
1737027202 29.97
1737027203 21.84
1737027204 27.37
1737027205 21.27
1737027206 28.7
1737027207 21.76
1737027208 27.71
1737027209 25.14
1737027210 25.6
1737027211 22.99
1737027212 22.33
1737027213 29.44
1737027214 27.44
1737027215 25.73
1737027216 24.55
1737027217 21.4
1737027218 21.81
1737027219 26.3
1737027220 26.44
1737027221 21.96
1737027222 28.9
1737027223 29.69
1737027224 23.02
1737027225 29.35
1737027226 26.37
1737027227 26.62
1737027228 21.33
1737027229 21.87
1737027230 24.58
1737027231 24.36
1737027232 29.51
1737027233 25.79
1737027234 20.47
1737027235 29.86
1737027236 28.27
1737027237 24.16
1737027238 20.89
1737027239 26.04
1737027240 24.64
1737027241 23.74
1737027242 20.39
1737027243 23.87
1737027244 27.25
1737027245 25.55
1737027246 28.34
1737027247 25.19
1737027248 29.38
1737027249 21.04
1737027250 21.33
1737027251 26.08
1737027252 23.37
1737027253 24.28
1737027254 21.07
1737027255 27.17
1737027256 29.65
1737027257 24.61
1737027258 29.94
1737027259 21.97
1737027260 24.95
1737027261 28.51
1737027262 24.85
1737027263 24.18
1737027264 26.59
1737027265 28.74
1737027266 21.35
1737027267 29.61
1737027268 29.56
1737027269 27.36
1737027270 23.35
1737027271 29.52
1737027272 29.65
1737027273 26.57
1737027274 24.15
1737027275 22.06
1737027276 26.3
1737027277 26.48
1737027278 25.26
1737027279 29.03
1737027280 22.84
1737027281 25.33
1737027282 29.82
1737027283 22.21
1737027284 23.81
1737027285 25.16
1737027286 23.19
1737027287 27.35
1737027288 22.83
1737027289 28.77
1737027290 23.46
1737027291 25.14
1737027292 25.33
1737027293 29.32
1737027294 23.03
1737027295 29.29
1737027296 26.68
1737027297 27.57
1737027298 23.68
1737027299 20.9
1737027300 24.61
1737027301 22.71
1737027302 25.44
1737027303 29.12
1737027304 27.48
1737027305 28.54
1737027306 21.02
1737027307 28.14
1737027308 26.48
1737027309 27.06
1737027310 21.11
1737027311 20.92
1737027312 24.46
1737027313 27.6
1737027314 28.28
1737027315 23.63
1737027316 21.83
1737027317 26.85
1737027318 26.76
1737027319 28.38
1737027320 23.6
1737027321 22.03
1737027322 21.45
1737027323 29.84
1737027324 26.68
1737027325 21.36
1737027326 20.41
1737027327 28.41
1737027328 29.91
1737027329 22.55
1737027330 23.76
1737027331 25.22
1737027332 24.04
1737027333 26.64
1737027334 25.69
1737027335 29.94
1737027336 21.31
1737027337 21.42
1737027338 21.96
1737027339 21.47
1737027340 27.24
1737027341 29.17
1737027342 25.96
1737027343 28.33
1737027344 23.82
1737027345 22.17
1737027346 23.68
1737027347 28.7
1737027348 22.01
1737027349 25.78
1737027350 25.2
1737027351 21.55
1737027352 22.82
1737027353 21.61
1737027354 21.82
1737027355 27.11
1737027356 27.45
1737027357 25.1
1737027358 21.42
1737027359 25.88
1737027360 27.51
1737027361 29.65
1737027362 26.29
1737027363 21.85
1737027364 29.25
1737027365 29.29
1737027366 22.55
1737027367 25.49
1737027368 22.6
1737027369 21.05
1737027370 23.66
1737027371 24.62
1737027372 26.84
1737027373 27.03
1737027374 21.4
1737027375 25.07
1737027376 29.9
1737027377 21.81
1737027378 26.23
1737027379 25.74
1737027380 28.61
1737027381 29.61
1737027382 21.42
1737027383 26.68
1737027384 27.14
1737027385 20.84
1737027386 26.08
1737027387 22.16
1737027388 21.9
1737027389 29.95
1737027390 23.88
1737027391 26.76
1737027392 20.41
1737027393 22.22
1737027394 21.63
1737027395 24.49
1737027396 27.99
1737027397 25.62
1737027398 29.74
1737027399 26.85
1737027400 28.61
1737027401 29.85
1737027402 20.16
1737027403 22.17
1737027404 20.89
1737027405 28.39
1737027406 28.95
1737027407 24.69
1737027408 21.06
1737027409 21.73
1737027410 28.81
1737027411 21.71
1737027412 29.15
1737027413 27.98
1737027415 25.91
1737027416 27.47
1737027417 29.14
1737027418 21.49
1737027419 21.07
1737027420 26.6
1737027421 29.28
1737027422 21.72
1737027423 25.5
1737027424 21.71
1737027425 25.2
1737027426 27.25
1737027427 29.1
1737027428 29.14
1737027429 27.99
1737027430 21.42
1737027431 25.57
1737027432 29.98
1737027433 27.4
1737027434 23.56
1737027435 20.3
1737027436 25.15
1737027437 29.05
1737027438 27.69
1737027439 23.73
1737027440 23.24
1737027441 24.31
1737027442 28.14
1737027443 28.72
1737027444 27.05
1737027445 26.86
1737027446 28.9
1737027447 27.08
1737027448 28.92
1737027449 22.97
1737027450 22.77
1737027451 22.51
1737027452 29.32
1737027453 28.47
1737027454 23.45
1737027455 20.52
1737027456 22.26
1737027457 20
1737027458 29.82
1737027459 25.66
1737027460 27.06
1737027461 25.22
1737027462 23.02
1737027463 25.49
1737027464 27.88
1737027465 26.41
1737027466 26.04
1737027467 21.88
1737027468 27.3
1737027469 25.01
1737027470 25.17
1737027471 23.66
1737027472 26.68
1737027473 29.91
1737027474 23.87
1737027475 21.47
1737027476 26.7
1737027477 21.98
1737027478 24.92
1737027479 21.57
1737027480 22.42
1737027481 27.87
1737027482 28.94
1737027483 26.46
1737027484 28.24
1737027485 22.28
1737027486 21.88
1737027487 25.37
1737027488 22.78
1737027489 28.83
1737027490 22.58
1737027491 27.38
1737027492 28.69
1737027493 24.72
1737027494 24.53
1737027495 21.37
1737027496 23.81
1737027497 24.4
1737027498 24.07
1737027499 22.24
1737027500 20.91
1737027501 22.99
1737027502 24.8
1737027503 28.18
1737027504 21.55
1737027505 23.17
1737027506 22.27
1737027507 22.4
1737027508 21.16
1737027509 26.63
1737027510 20.77
1737027511 24.18
1737027512 29.83
1737027513 26.11
1737027514 29.94
1737027515 20.71
1737027516 27.59
1737027517 26.47
1737027518 21.14
1737027519 25.97
1737027520 23.44
1737027521 24.24
1737027522 28.32
1737027523 25.49
1737027524 28.85
1737027525 21.42
1737027526 23.43
1737027527 24.74
1737027528 29.71
1737027529 29.72
1737027530 28.59
1737027531 29.31
1737027532 20.69
1737027533 24.89
1737027534 27.33
1737027535 29.43
1737027536 22.34
1737027537 26.96
1737027538 22.93
1737027539 26.52
1737027540 25.57
1737027541 22.52
1737027542 20.36
1737027543 26.59
1737027544 28.89
1737027545 22.88
1737027546 26.27
1737027547 26.14
1737027548 26.71
1737027549 26.23
1737027550 22.6
1737027551 23.21
1737027552 26.22
1737027553 22.35
1737027554 29.97
1737027555 28.65
1737027556 20.04
1737027557 29.51
1737027558 29.8
1737027559 29.8
1737027560 22.12
1737027561 26.72
1737027562 26.33
1737027563 22.13
1737027564 28.29
1737027565 28.02
1737027566 24.08
1737027567 27.71
1737027568 27.74
1737027569 22.29
1737027570 29.37
1737027571 26.48
1737027572 26.8
1737027573 21.88
1737027574 21.05
1737027575 26.84
1737027576 21.37
1737027577 27.3
1737027578 29.19
1737027579 28.24
1737027580 27.6
1737027581 21.27
1737027582 20.27
1737027583 21.55
1737027584 24.9
1737027585 20.23
1737027586 26.92
1737027587 29.32
1737027588 27.48
1737027589 23.17
1737027590 23.54
1737027591 23.85
1737027592 23.98
1737027593 28
1737027594 25.57
1737027595 25.89
1737027596 20.31
1737027597 29.83
1737027598 24.67
1737027599 25.14
1737027600 20.82
1737027601 23.87
1737027602 21.67
1737027603 28.66
1737027604 26.51
1737027605 21.31
1737027606 20.79
1737027607 25.38
1737027608 20.55
1737027609 28.76
1737027610 22.77
1737027611 24.14
1737027612 20.84
1737027613 20.26
1737027614 20.72
1737027615 20.54
1737027616 20.76
1737027617 28.6
1737027618 20.87
1737027619 20.31
1737027620 22.32
1737027621 24.1
1737027622 27.12
1737027623 26.47
1737027624 24.3
1737027625 24.86
1737027626 22.58
1737027627 28.2
1737027628 26.1
1737027629 27.61
1737027630 23.75
1737027631 22.74
1737027632 27.91
1737027633 27.13
1737027634 26.61
1737027635 25.21
1737027636 20.4
1737027637 23.99
1737027638 25.28
1737027639 28.96
1737027640 28.4
1737027641 29.86
1737027642 29.2
1737027643 21.79
1737027644 28.24
1737027645 29.88
1737027646 27.48
1737027647 25.2
1737027648 27.17
1737027649 29.03
1737027650 29.56
1737027651 22.07
1737027652 27.83
1737027653 22.61
1737027654 24.68
1737027655 29.89
1737027656 23.27
1737027657 25.71
1737027658 20.06
1737027659 21.63
1737027660 25.98
1737027661 28.03
1737027662 22.27
1737027663 22.86
1737027664 20.53
1737027665 27.09
1737027666 22.4
1737027667 27.41
1737027668 22.47
1737027669 23.9
1737027670 27.49
1737027671 22.88
1737027672 20.84
1737027673 27.97
1737027674 25.86
1737027675 29.22
1737027676 22.55
1737027677 23.74
1737027678 23.15
1737027679 27.48
1737027680 20.49
1737027681 22.63
1737027682 29.18
1737027683 21.49
1737027684 28.32
1737027685 26.55
1737027686 26.69
1737027687 27.01
1737027688 27.47
1737027689 22.28
1737027690 26.08
1737027691 23.93
1737027692 23.15
1737027693 21.73
1737027694 29.48
1737027695 22.36
1737027696 26.48
1737027697 25.3
1737027698 20.81
1737027699 24.32
1737027700 22.55
1737027701 28.97
1737027702 23.89
1737027703 25.73
1737027704 28.1
1737027705 23.52
1737027706 28.61
1737027707 24.84
1737027708 28.24
1737027709 28.68
1737027710 24.8
1737027711 21.36
1737027712 29.85
1737027713 22.11
1737027715 28.79
1737027716 29.55
1737027717 29.44
1737027718 27.17
1737027719 20.14
1737027720 20.67
1737027721 28.51
1737027722 25.51
1737027723 29.3
1737027724 23.81
1737027725 29.81
1737027726 25.64
1737027727 22.26
1737027728 29.86
1737027729 20.03
1737027730 28.06
1737027731 25.37
1737027732 26.34
1737027733 28.2
1737027734 26.01
1737027735 22.75
1737027736 22.87
1737027737 22.74
1737027738 22.62
1737027739 20.08
1737027740 26.15
1737027741 25.09
1737027742 21.98
1737027743 20.84
1737027744 27.38
1737027745 20.14
1737027746 21.21
1737027747 20.81
1737027748 23.94
1737027749 20.7
1737027750 26.16
1737027751 25.86
1737027752 21.48
1737027753 27.11
1737027754 20.38
1737027755 26.24
1737027756 24.49
1737027757 26.63
1737027758 22.8
1737027759 26.75
1737027760 27.69
1737027761 24.5
1737027762 23.16
1737027763 27.03
1737027764 28.77
1737027765 24.87
1737027766 24.67
1737027767 29.54
1737027768 25.09
1737027769 27.44
1737027770 29.57
1737027771 29.07
1737027772 22.66
1737027773 21.52
1737027774 24.72
1737027775 23.6
1737027776 28.09
1737027777 27.25
1737027778 28.12
1737027779 27.14
1737027780 22.15
1737027781 27.53
1737027782 27.89
1737027783 28.56
1737027784 25.11
1737027785 28.06
1737027786 27.92
1737027787 27.8
1737027788 26.64
1737027789 27.56
1737027790 23.05
1737027791 29.71
1737027792 22.18
1737027793 26.58
1737027794 27.31
1737027795 20.38
1737027796 28.75
1737027797 21.52
1737027798 27.65
1737027799 25.75
1737027800 20.72
1737027801 28.36
1737027802 24.46
1737027803 24.87
1737027804 25.44
1737027805 23.14
1737027806 23.82
1737027807 20.63
1737027808 21.62
1737027809 26.09
1737027810 23.81
1737027811 29.9
1737027812 27.36
1737027813 22.49
1737027814 23.21
1737027815 20.63
1737027816 26.7
1737027817 28.76
1737027818 26.9
1737027819 27.52
1737027820 25.42
1737027821 25.8
1737027822 21.26
1737027823 22.41
1737027824 24.93
1737027825 22.25
1737027826 26
1737027827 27.13
1737027828 27.93
1737027829 24.59
1737027830 20.12
1737027831 24.88
1737027832 27.87
1737027833 22.34
1737027834 27.3
1737027835 25.72
1737027836 27.82
1737027837 24.93
1737027838 23.68
1737027839 22.31
1737027840 28.38
1737027841 21.98
1737027842 27.6
1737027843 24.7
1737027844 25.08
1737027845 29.53
1737027846 28.7
1737027847 28.2
1737027848 27.76
1737027849 28.56
1737027850 29.39
1737027851 21.48
1737027852 23.03
1737027853 20.21
1737027854 25.75
1737027855 29.53
1737027856 24.81
1737027857 21.53
1737027858 26
1737027859 27.95
1737027860 26.23
1737027861 27.08
1737027862 21.71
1737027863 24.5
1737027864 22.4
1737027865 28.31
1737027866 20.28
1737027867 22.15
1737027868 21.79
1737027869 28.25
1737027870 29.73
1737027871 24.34
1737027872 20.09
1737027873 27.96
1737027874 26.2
1737027875 21.17
1737027876 21.72
1737027877 24.26
1737027878 23.35
1737027879 23.46
1737027880 21.19
1737027881 29.81
1737027882 27.99
1737027883 25.4
1737027884 23.72
1737027885 24.92
1737027886 21.08
1737027887 29.25
1737027888 29.71
1737027889 24.65
1737027890 22.33
1737027891 25.11
1737027892 29.47
1737027893 29.16
1737027894 28.54
1737027895 21.1
1737027896 20.08
1737027897 25.4
1737027898 27.27
1737027899 26.84
1737027900 27.98
1737027901 29.63
1737027902 21.86
1737027903 26.38
1737027904 27.56
1737027905 22.52
1737027906 25.47
1737027907 22.38
1737027908 29.12
1737027909 28.63
1737027910 23.79
1737027911 29.43
1737027912 24.51
1737027913 23.91
1737027914 21.79
1737027915 26.44
1737027916 27.93
1737027917 23.77
1737027918 22.48
1737027919 23.12
1737027920 22.37
1737027921 27.01
1737027922 26.32
1737027923 29.79
1737027924 27.47
1737027925 24.54
1737027926 28.93
1737027927 26.62
1737027928 29.96
1737027929 25.66
1737027930 29.51
1737027931 27.97
1737027932 28.04
1737027933 22.85
1737027934 22.55
1737027935 22.86
1737027936 27.01
1737027937 21.22
1737027938 26.64
1737027939 28.45
1737027940 20.37
1737027941 28.84
1737027942 22.8
1737027943 23.51
1737027944 23.08
1737027945 28.62
1737027946 24.33
1737027947 22.59
1737027948 21.75
1737027949 23.57
1737027950 22.19
1737027951 27.79
1737027952 26.48
1737027953 20.69
1737027954 27.71
1737027955 27.73
1737027956 25.22
1737027957 26.88
1737027958 28.28
1737027959 22.64
1737027960 27.01
1737027961 29.18
1737027962 22.65
1737027963 26.8
1737027964 25.42
1737027965 27.87
1737027966 25.96
1737027967 28.04
1737027968 20.5
1737027969 22.69
1737027970 20.12
1737027971 27.58
1737027972 23.38
1737027973 25.68
1737027974 29.83
1737027975 25.91
1737027976 21.94
1737027977 29.36
1737027978 25.76
1737027979 20.89
1737027980 29.03
1737027981 23.72
1737027982 23.9
1737027983 20.07
1737027984 25.77
1737027985 24.48
1737027986 26.78
1737027987 27.23
1737027988 21.63
1737027989 26.56
1737027990 26.53
1737027991 23.47
1737027992 28.11
1737027993 28.77
1737027994 20.23
1737027995 20.68
1737027996 24.29
1737027997 29.6
1737027998 23.65
1737027999 20.99
1737028000 25.57
1737028001 28.57
1737028003 23.15
1737028004 28.05
1737028005 20.19
1737028006 28.69
1737028007 25.13
1737028008 20.7
1737028009 29.43
1737028010 27.37
1737028011 28.28
1737028012 21.3
1737028013 25.95
1737028014 23.38
1737028015 24.3
1737028016 20.96
1737028017 28.58
1737028018 24.25
1737028019 28.8
1737028020 29.8
1737028021 27.49
1737028022 29.74
1737028023 24.46
1737028024 26.89
1737028025 28.35
1737028026 29.65
1737028027 27.07
1737028028 21.8
1737028029 26.56
1737028030 27.73
1737028031 28.43
1737028032 20.77
1737028033 25.3
1737028034 29.74
1737028035 29.72
1737028036 20.41
1737028037 27.45
1737028038 25.44
1737028039 29.35
1737028040 25.09
1737028041 22.32
1737028042 29.44
1737028043 24.27
1737028044 23.75
1737028045 24.88
1737028046 22.51
1737028047 29
1737028048 23.58
1737028049 21.22
1737028050 26.18
1737028051 29.94
1737028052 23.77
1737028053 28.15
1737028054 22.71
1737028055 27.71
1737028056 24.27
1737028057 27.45
1737028058 21.88
1737028059 24.17
1737028060 24.03
1737028061 29.2
1737028062 21.71
1737028063 29.81
1737028064 26.89
1737028065 20.1
1737028066 22.88
1737028067 21.5
1737028068 26.91
1737028069 29.87
1737028070 23.06
1737028071 22.07
1737028072 26.13
1737028073 27.2
1737028074 20.6
1737028075 20.93
1737028076 26.49
1737028077 27.9
1737028078 23.41
1737028079 25.21
1737028080 29.23
1737028081 29.99
1737028082 24.75
1737028083 28.84
1737028084 25.49
1737028085 22.69
1737028086 21.39
1737028087 23.99
1737028088 28.75
1737028089 22.58
1737028090 20.52
1737028091 20.65
1737028092 23.33
1737028093 22.22
1737028094 26.02
1737028095 22.27
1737028096 23.04
1737028097 28.37
1737028098 29.83
1737028099 29.51
1737028100 24.71
1737028101 28.31
1737028102 22.57
1737028103 26.79
1737028104 25.05
1737028105 22.39
1737028106 27.15
1737028107 25.29
1737028108 26.34
1737028109 27.72
1737028110 25.17
1737028111 23.76
1737028112 27.04
1737028113 26.02
1737028114 29
1737028115 25.13
1737028116 29.45
1737028117 24.03
1737028118 28.89
1737028119 25.45
1737028120 22.95
1737028121 23.52
1737028122 23.17
1737028123 26.47
1737028124 29.48
1737028125 27.44
1737028126 23.32
1737028127 27.92
1737028128 23.06
1737028129 27.63
1737028130 27.59
1737028131 22.23
1737028132 24.92
1737028133 20.96
1737028134 23.8
1737028135 28.72
1737028136 29.62
1737028137 23.61
1737028138 25.9
1737028139 22.29
1737028140 27.15
1737028141 28.81
1737028142 21.4
1737028143 25.54
1737028144 24.02
1737028145 26.64
1737028146 27.32
1737028147 27.39
1737028148 20.15
1737028149 25.53
1737028150 24.33
1737028151 27.37
1737028152 28.15
1737028153 21.53
1737028154 28.53
1737028155 21.11
1737028156 24.25
1737028157 24.61
1737028158 20.51
1737028159 23.23
1737028160 23.89
1737028161 27.23
1737028162 25.29
1737028163 20.24
1737028164 25.19
1737028165 29.63
1737028166 23.86
1737028167 22
1737028168 25.9
1737028169 28.41
1737028170 24.91
1737028171 28.19
1737028172 25.42
1737028173 29.1
1737028174 27.67
1737028175 29.65
1737028176 28.99
1737028177 25.81
1737028178 27.35
1737028179 24.15
1737028180 21.63
1737028181 22.15
1737028182 26.15
1737028183 21.72
1737028184 23.92
1737028185 21.85
1737028186 25.12
1737028187 28.6
1737028188 24.24
1737028189 20.57
1737028190 24.06
1737028191 24.91
1737028192 21.32
1737028193 26.86
1737028194 29.62
1737028195 23.58
1737028196 21.55
1737028197 22.45
1737028198 23.8
1737028199 29.44
1737028200 27.5
1737028201 24.96
1737028202 21.42
1737028203 29.99
1737028204 27.63
1737028205 28.35
1737028206 26.99
1737028207 24.64
1737028208 27.52
1737028209 23.94
1737028210 28.35
1737028211 23.16
1737028212 24.83
1737028213 20.3
1737028214 24.45
1737028215 23.52
1737028216 23.65
1737028217 22.57
1737028218 20.74
1737028219 25.12
1737028220 22.38
1737028221 26.98
1737028222 25.39
1737028223 27.76
1737028224 22.78
1737028225 27.63
1737028226 24.89
1737028227 25.07
1737028228 25.01
1737028229 27.99
1737028230 28.67
1737028231 22.29
1737028232 28.11
1737028233 21.06
1737028234 22.21
1737028235 26.64
1737028236 25.93
1737028237 29.32
1737028238 20.75
1737028239 27.95
1737028240 23
1737028241 26.19
1737028242 28.09
1737028243 20.46
1737028244 26.63
1737028245 28.57
1737028246 20.71
1737028247 25.85
1737028248 27.82
1737028249 22.83
1737028250 26.59
1737028251 21.94
1737028252 23.03
1737028253 25.39
1737028254 22.7
1737028255 24.44
1737028256 28.59
1737028257 29.62
1737028258 28.46
1737028259 26.33
1737028260 27.73
1737028261 23.79
1737028262 29.13
1737028263 28
1737028264 21.41
1737028265 28.83
1737028266 24.77
1737028267 22.94
1737028268 26.83
1737028269 24.68
1737028270 22
1737028271 28.06
1737028272 27.61
1737028273 27.18
1737028274 27.31
1737028275 24.11
1737028276 20.85
1737028277 26.75
1737028278 27.4
1737028279 28.22
1737028280 28.71
1737028281 28.13
1737028282 24.54
1737028283 26.65
1737028284 24.3
1737028285 23.82
1737028286 26.47
1737028287 28.48
1737028288 29.84
1737028290 24.15
1737028291 22.83
1737028292 22.39
1737028293 23.95
1737028294 25.81
1737028295 23.31
1737028296 23.13
1737028297 20.74
1737028298 21.94
1737028299 22.03
1737028300 26.05
1737028301 22.43
1737028302 20.96
1737028303 26.42
1737028304 21.18
1737028305 27.58
1737028306 22.69
1737028307 22.86
1737028308 23.76
1737028309 29.38
1737028310 27.3
1737028311 21.8
1737028312 23.62
1737028313 28.16
1737028314 22.94
1737028315 24.49
1737028316 24.66
1737028317 27.64
1737028318 26.21
1737028319 23.92
1737028320 25.79
1737028321 26.79
1737028322 25.67
1737028323 25.58
1737028324 23.64
1737028325 21.63
1737028326 25.51
1737028327 20.77
1737028328 24.75
1737028329 21.62
1737028330 23.14
1737028331 20.45
1737028332 23.89
1737028333 28.65
1737028334 25.72
1737028335 24.24
1737028336 22.73
1737028337 21.11
1737028338 23.03
1737028339 29.02
1737028340 25.54
1737028341 28.34
1737028342 23.93
1737028343 26.56
1737028344 24.1
1737028345 21.74
1737028346 24.34
1737028347 25.78
1737028348 22.46
1737028349 20.76
1737028350 27.01
1737028351 26.34
1737028352 23.98
1737028353 28.37
1737028354 21.78
1737028355 21.18
1737028356 28.42
1737028357 29.36
1737028358 22.21
1737028359 21.02
1737028360 22.09
1737028361 26.28
1737028362 20.38
1737028363 29.73
1737028364 20.94
1737028365 28.72
1737028366 29.71
1737028367 22.57
1737028368 26.65
1737028369 20.07
1737028370 23.37
1737028371 23.66
1737028372 26.57
1737028373 21.62
1737028374 24.14
1737028375 23.08
1737028376 27.28
1737028377 21.53
1737028378 21.29
1737028379 26.59
1737028380 25.32
1737028381 21.4
1737028382 26.45
1737028383 26.19
1737028384 22.32
1737028385 20.48
1737028386 29.43
1737028387 24.76
1737028388 20.82
1737028389 27.41
1737028390 24.82
1737028391 25.32
1737028392 28.72
1737028393 26.68
1737028394 29
1737028395 24.68
1737028396 23.64
1737028397 24.58
1737028398 20.61
1737028399 26.7
1737028400 28.67
1737028401 21.71
1737028402 25.27
1737028403 24.67
1737028404 21.02
1737028405 21.58
1737028406 22.23
1737028407 29.03
1737028408 25.41
1737028409 27.7
1737028410 25.37
1737028411 29.23
1737028412 22.44
1737028413 22.56
1737028414 26.55
1737028415 27.94
1737028416 28.91
1737028417 24.12
1737028418 29.29
1737028419 23.09
1737028420 28.35
1737028421 21.31
1737028422 27.57
1737028423 25.79
1737028424 25.16
1737028425 21.69
1737028426 22.84
1737028427 23.92
1737028428 25.51
1737028429 24.02
1737028430 27.66
1737028431 20.32
1737028432 20.48
1737028433 29.08
1737028434 27.2
1737028435 29.56
1737028436 26.99
1737028437 26.15
1737028438 23.66
1737028439 27.4
1737028440 26.63
1737028441 22.83
1737028442 22.91
1737028443 22.98
1737028444 24.82
1737028445 21.78
1737028446 29.66
1737028447 29.07
1737028448 22.36
1737028449 23.72
1737028450 23.12
1737028451 23.36
1737028452 27.73
1737028453 27.67
1737028454 24.22
1737028455 26.19
1737028456 29.04
1737028457 24.28
1737028458 21.47
1737028459 26.05
1737028460 29.21
1737028461 29.41
1737028462 23.26
1737028463 24.24
1737028464 25.71
1737028465 21.01
1737028466 26.04
1737028467 28.03
1737028468 25.25
1737028469 23.83
1737028470 26.11
1737028471 22
1737028472 26.72
1737028473 23.13
1737028474 21.53
1737028475 26.79
1737028476 24.79
1737028477 27.46
1737028478 28.59
1737028479 26.3
1737028480 24.05
1737028481 21.94
1737028482 22.58
1737028483 26.75
1737028484 25.51
1737028485 22.96
1737028486 27.99
1737028487 21.96
1737028488 25.78
1737028489 21.03
1737028490 20.44
1737028491 26.33
1737028492 25.48
1737028493 24.55
1737028494 25.07
1737028495 27.9
1737028496 25.25
1737028497 24.41
1737028498 20.15
1737028499 28.03
1737028500 28
1737028501 21.74
1737028502 23.89
1737028503 24.4
1737028504 20.7
1737028505 22.91
1737028506 20.61
1737028507 28.38
1737028508 20.7
1737028509 26.91
1737028510 24.11
1737028511 20.49
1737028512 25.19
1737028513 23.16
1737028514 22.9
1737028515 25.55
1737028516 23.63
1737028517 23.65
1737028518 27.03
1737028519 24.5
1737028520 23.07
1737028521 20.38
1737028522 26.13
1737028523 25.83
1737028524 24.19
1737028525 20.65
1737028526 23.65
1737028527 20.21
1737028528 25.52
1737028529 26.74
1737028530 24.83
1737028531 21.93
1737028532 27.45
1737028533 20.07
1737028534 29.53
1737028535 22.86
1737028536 22.66
1737028537 27.48
1737028538 25.8
1737028539 29.73
1737028540 25.26
1737028541 21.04
1737028542 21.81
1737028543 25.94
1737028544 22.63
1737028545 28.18
1737028546 23.89
1737028547 27.11
1737028548 27.96
1737028549 24.99
1737028550 26.65
1737028551 20.19
1737028552 27.07
1737028553 27.33
1737028554 28.81
1737028555 22.04
1737028556 26.14
1737028557 24.56
1737028558 21.33
1737028559 28.97
1737028560 26.41
1737028561 22.73
1737028562 27.47
1737028563 22.05
1737028564 29.55
1737028565 25.29
1737028566 24.95
1737028567 28.91
1737028568 23.4
1737028569 25.92
1737028570 28.74
1737028571 20.62
1737028572 25.1
1737028573 26.54
1737028574 21.58
1737028576 26.12
1737028577 22.72
1737028578 27.61
1737028579 25.17
1737028580 25.69
1737028581 26.38
1737028582 23.47
1737028583 25.42
1737028584 21.23
1737028585 25.94
1737028586 21.43
1737028587 26.11
1737028588 20.95
1737028589 27.45
1737028590 28.17
1737028591 20.81
1737028592 28.91
1737028593 27.8
1737028594 20.02
1737028595 22.55
1737028596 20.19
1737028597 21.87
1737028598 20.48
1737028599 23.98
1737028600 28.24
1737028601 20.89
1737028602 29.66
1737028603 27.8
1737028604 21.69
1737028605 22.78
1737028606 29.03
1737028607 23.85
1737028608 21.39
1737028609 28.66
1737028610 28.84
1737028611 21.95
1737028612 24.87
1737028613 21.71
1737028614 23.18
1737028615 25.13
1737028616 25.29
1737028617 25.37
1737028618 28.62
1737028619 21.96
1737028620 22.03
1737028621 29.43
1737028622 21.92
1737028623 25.78
1737028624 28.75
1737028625 21.5
1737028626 21.76
1737028627 22.71
1737028628 23.2
1737028629 28.92
1737028630 29.78
1737028631 28.9
1737028632 27.72
1737028633 25.13
1737028634 25.61
1737028635 27.36
1737028636 22.63
1737028637 24.01
1737028638 21.66
1737028639 28.24
1737028640 25.6
1737028641 22.29
1737028642 22.39
1737028643 24.63
1737028644 20.47
1737028645 24.16
1737028646 24.25
1737028647 24.12
1737028648 20.9
1737028649 20.12
1737028650 20.39
1737028651 26.82
1737028652 28.22
1737028653 25.86
1737028654 23.06
1737028655 29.27
1737028656 20.12
1737028657 26.31
1737028658 28.44
1737028659 23.57
1737028660 26.95
1737028661 28.47
1737028662 23.2
1737028663 21.34
1737028664 26.26
1737028665 29.72
1737028666 26.49
1737028667 20.05
1737028668 22.77
1737028669 23.5
1737028670 29.17
1737028671 25.45
1737028672 26.12
1737028673 28.43
1737028674 25.63
1737028675 27.35
1737028676 28.36
1737028677 20.26
1737028678 20.46
1737028679 25.29
1737028680 27.24
1737028681 22.67
1737028682 24.7
1737028683 22.8
1737028684 28.04
1737028685 28.64
1737028686 25.02
1737028687 23.75
1737028688 26.99
1737028689 24.74
1737028690 27.49
1737028691 21.89
1737028692 21.58
1737028693 20.55
1737028694 27.82
1737028695 24.25
1737028696 21.37
1737028697 25.54
1737028698 24.93
1737028699 24.59
1737028700 21.63
1737028701 22.09
1737028702 25.1
1737028703 29.72
1737028704 29.76
1737028705 25.63
1737028706 20.16
1737028707 25.94
1737028708 22.5
1737028709 22.69
1737028710 20.51
1737028711 29.34
1737028712 23.38
1737028713 27.84
1737028714 29.7
1737028715 25.33
1737028716 20.95
1737028717 27.94
1737028718 21.97
1737028719 28.01
1737028720 26.76
1737028721 26.84
1737028722 21.51
1737028723 26.06
1737028724 26.72
1737028725 28.75
1737028726 27.75
1737028727 21.16
1737028728 28.85
1737028729 23.8
1737028730 24.66
1737028731 23.89
1737028732 29.86
1737028733 27.17
1737028734 26.27
1737028735 24.72
1737028736 23.78
1737028737 20.64
1737028738 21.98
1737028739 21.95
1737028740 27
1737028741 28.94
1737028742 24.57
1737028743 29.68
1737028744 22.86
1737028745 24.73
1737028746 24.12
1737028747 22.43
1737028748 21.86
1737028749 26.85
1737028750 24.9
1737028751 22.03
1737028752 20.38
1737028753 27.63
1737028754 27.23
1737028755 24.65
1737028756 20.59
1737028757 25.42
1737028758 28.76
1737028759 21.8
1737028760 24.77
1737028761 27.43
1737028762 29.24
1737028763 24.97
1737028764 25.16
1737028765 28.7
1737028766 28.75
1737028767 28.83
1737028768 27.56
1737028769 20.38
1737028770 29.45
1737028771 28.42
1737028772 29.59
1737028773 20.74
1737028774 23.37
1737028775 20.99
1737028776 24.96
1737028777 29.97
1737028778 23.32
1737028779 26.35
1737028780 26.83
1737028781 29.03
1737028782 21.37
1737028783 22.69
1737028784 28.76
1737028785 20.13
1737028786 25.97
1737028787 25.06
1737028788 20.12
1737028789 20.54
1737028790 29.34
1737028791 23.11
1737028792 29.79
1737028793 29.27
1737028794 28.39
1737028795 29.45
1737028796 27.16
1737028797 23.43
1737028798 20.88
1737028799 24.07
1737028800 25.02
1737028801 21.45
1737028802 27.29
1737028803 27.07
1737028804 26.16
1737028805 20.75
1737028806 23.48
1737028807 22.08
1737028808 22.58
1737028809 25.03
1737028810 21.09
1737028811 28.25
1737028812 29.99
1737028813 27.41
1737028814 20.14
1737028815 24.86
1737028816 22.87
1737028817 22.96
1737028818 21.05
1737028819 20.25
1737028820 21.98
1737028821 27.09
1737028822 21.64
1737028823 25.51
1737028824 20.64
1737028825 20.38
1737028826 25.21
1737028827 29.42
1737028828 21.04
1737028829 26.62
1737028830 27.75
1737028831 20.1
1737028832 29.96
1737028833 27.3
1737028834 27.23
1737028835 21.11
1737028836 28.46
1737028837 25.42
1737028838 23.1
1737028839 23.61
1737028840 25.44
1737028841 21.8
1737028842 29.71
1737028843 23.13
1737028844 23
1737028845 23.03
1737028846 20.2
1737028847 29.84
1737028848 23.3
1737028849 20.17
1737028850 25.69
1737028851 28.71
1737028852 22.25
1737028853 20.66
1737028854 24.07
1737028855 24.1
1737028856 27.98
1737028857 27.78
1737028858 25.35
1737028859 29.18
1737028860 25.84
1737028862 22.57
1737028863 27.33
1737028864 21.29
1737028865 27.08
1737028866 28.5
1737028867 28.01
1737028868 28.05
1737028869 26.96
1737028870 23.05
1737028871 26.81
1737028872 25.79
1737028873 26.39
1737028874 22.92
1737028875 22.97
1737028876 23.83
1737028877 20.32
1737028878 25.62
1737028879 22.99
1737028880 27.82
1737028881 29.18
1737028882 26.34
1737028883 25.19
1737028884 22.53
1737028885 24.14
1737028886 22.7
1737028887 28.82
1737028888 21.1
1737028889 21.89
1737028890 28.55
1737028891 26.41
1737028892 20.65
1737028893 23.49
1737028894 24.22
1737028895 24.52
1737028896 28.41
1737028897 22.37
1737028898 28.38
1737028899 20.31
1737028900 21.28
1737028901 23.1
1737028902 26.83
1737028903 28.35
1737028904 22.83
1737028905 22.38
1737028906 28.83
1737028907 23.14
1737028908 28.48
1737028909 21.93
1737028910 24.01
1737028911 27.06
1737028912 23.63
1737028913 29.5
1737028914 28.72
1737028915 24.29
1737028916 25.14
1737028917 20.74
1737028918 25.72
1737028919 25.32
1737028920 24.37
1737028921 27.95
1737028922 27.82
1737028923 25.51
1737028924 26.51
1737028925 23.47
1737028926 28.96
1737028927 29.62
1737028928 21.99
1737028929 29.76
1737028930 26.28
1737028931 27.81
1737028932 22.01
1737028933 22.67
1737028934 28.89
1737028935 24.23
1737028936 20.66
1737028937 24.89
1737028938 24.35
1737028939 29.11
1737028940 21.03
1737028941 26.24
1737028942 20.95
1737028943 28.46
1737028944 22.44
1737028945 27.57
1737028946 25.09
1737028947 21.91
1737028948 22.07
1737028949 22.49
1737028950 23.1
1737028951 25.39
1737028952 23.25
1737028953 26.99
1737028954 27.95
1737028955 20.79
1737028956 25.8
1737028957 25.95
1737028958 22.27
1737028959 22.75
1737028960 24.02
1737028961 24.37
1737028962 21.78
1737028963 26.93
1737028964 28.12
1737028965 22.57
1737028966 21.13
1737028967 29.55
1737028968 21.69
1737028969 27.04
1737028970 27.65
