1737304117 24.8094
1737304177 25.432
1737304237 25.3383
1737304297 25.4068
1737304357 25.1256
1737304417 25.4015
1737304477 24.5325
1737304537 25.0363
1737304597 24.6497
1737304657 25.0103
1737304717 25.4542
1737304777 25.1944
1737304837 25.7227
1737304897 24.6957
1737304957 24.4639
1737305017 24.6475
1737305077 25.2675
1737305137 25.028
1737305197 24.8739
1737305257 24.565
1737305317 24.678
1737305377 24.9088
1737305437 25.4376
1737305497 25.3787
1737305557 24.6918
1737305617 25.4614
1737305677 25.1723
1737305737 25.5475
1737305797 25.3533
1737305857 25.2185
1737305917 25.2597
1737305977 25.204
1737306037 24.7573
1737306097 24.9759
1737306157 24.7597
1737306217 25.6992
1737306277 25.2492
1737306337 24.3873
1737306397 24.6072
1737306457 25.159
1737306517 24.7358
1737306577 25.2148
1737306637 24.8095
1737306697 25.5292
1737306757 25.029
1737306817 25.1452
1737306877 25.1655
1737306937 24.8285
1737306997 25.0563
1737307058 25.4307
1737307118 24.6229
1737307178 25.2045
1737307238 24.4062
1737307298 25.9069
